2020-08-17 00:04:52.496  INFO 3740 --- [SessionValidationThread-1] a.s.s.m.AbstractValidatingSessionManager : Validating all active sessions...
2020-08-17 00:04:52.575  INFO 3740 --- [SessionValidationThread-1] a.s.s.m.AbstractValidatingSessionManager : Finished session validation.  No sessions were stopped.
2020-08-17 03:42:51.897  INFO 3740 --- [lettuce-nioEventLoop-4-1] io.lettuce.core.protocol.CommandHandler  : null Unexpected exception during request: java.io.IOException: 远程主机强迫关闭了一个现有的连接。

java.io.IOException: 远程主机强迫关闭了一个现有的连接。
	at sun.nio.ch.SocketDispatcher.read0(Native Method) ~[na:1.8.0_92]
	at sun.nio.ch.SocketDispatcher.read(SocketDispatcher.java:43) ~[na:1.8.0_92]
	at sun.nio.ch.IOUtil.readIntoNativeBuffer(IOUtil.java:223) ~[na:1.8.0_92]
	at sun.nio.ch.IOUtil.read(IOUtil.java:192) ~[na:1.8.0_92]
	at sun.nio.ch.SocketChannelImpl.read(SocketChannelImpl.java:380) ~[na:1.8.0_92]
	at io.netty.buffer.PooledUnsafeDirectByteBuf.setBytes(PooledUnsafeDirectByteBuf.java:288) ~[netty-buffer-4.1.29.Final.jar:4.1.29.Final]
	at io.netty.buffer.AbstractByteBuf.writeBytes(AbstractByteBuf.java:1108) ~[netty-buffer-4.1.29.Final.jar:4.1.29.Final]
	at io.netty.channel.socket.nio.NioSocketChannel.doReadBytes(NioSocketChannel.java:347) ~[netty-transport-4.1.29.Final.jar:4.1.29.Final]
	at io.netty.channel.nio.AbstractNioByteChannel$NioByteUnsafe.read(AbstractNioByteChannel.java:148) ~[netty-transport-4.1.29.Final.jar:4.1.29.Final]
	at io.netty.channel.nio.NioEventLoop.processSelectedKey(NioEventLoop.java:628) [netty-transport-4.1.29.Final.jar:4.1.29.Final]
	at io.netty.channel.nio.NioEventLoop.processSelectedKeysOptimized(NioEventLoop.java:563) [netty-transport-4.1.29.Final.jar:4.1.29.Final]
	at io.netty.channel.nio.NioEventLoop.processSelectedKeys(NioEventLoop.java:480) [netty-transport-4.1.29.Final.jar:4.1.29.Final]
	at io.netty.channel.nio.NioEventLoop.run(NioEventLoop.java:442) [netty-transport-4.1.29.Final.jar:4.1.29.Final]
	at io.netty.util.concurrent.SingleThreadEventExecutor$5.run(SingleThreadEventExecutor.java:884) [netty-common-4.1.29.Final.jar:4.1.29.Final]
	at io.netty.util.concurrent.FastThreadLocalRunnable.run(FastThreadLocalRunnable.java:30) [netty-common-4.1.29.Final.jar:4.1.29.Final]
	at java.lang.Thread.run(Thread.java:745) [na:1.8.0_92]

2020-08-17 03:42:52.213  INFO 3740 --- [lettuce-eventExecutorLoop-1-1] i.l.core.protocol.ConnectionWatchdog     : Reconnecting, last destination was /106.14.164.162:36380
2020-08-17 03:42:52.399  WARN 3740 --- [lettuce-nioEventLoop-4-2] i.l.core.protocol.ConnectionWatchdog     : Cannot reconnect: io.netty.channel.AbstractChannel$AnnotatedNoRouteToHostException: No route to host: no further information: /106.14.164.162:36380

io.netty.channel.AbstractChannel$AnnotatedNoRouteToHostException: No route to host: no further information: /106.14.164.162:36380
	at sun.nio.ch.SocketChannelImpl.checkConnect(Native Method) ~[na:1.8.0_92]
	at sun.nio.ch.SocketChannelImpl.finishConnect(SocketChannelImpl.java:717) ~[na:1.8.0_92]
	at io.netty.channel.socket.nio.NioSocketChannel.doFinishConnect(NioSocketChannel.java:327) ~[netty-transport-4.1.29.Final.jar:4.1.29.Final]
	at io.netty.channel.nio.AbstractNioChannel$AbstractNioUnsafe.finishConnect(AbstractNioChannel.java:340) ~[netty-transport-4.1.29.Final.jar:4.1.29.Final]
	at io.netty.channel.nio.NioEventLoop.processSelectedKey(NioEventLoop.java:616) ~[netty-transport-4.1.29.Final.jar:4.1.29.Final]
	at io.netty.channel.nio.NioEventLoop.processSelectedKeysOptimized(NioEventLoop.java:563) ~[netty-transport-4.1.29.Final.jar:4.1.29.Final]
	at io.netty.channel.nio.NioEventLoop.processSelectedKeys(NioEventLoop.java:480) ~[netty-transport-4.1.29.Final.jar:4.1.29.Final]
	at io.netty.channel.nio.NioEventLoop.run(NioEventLoop.java:442) ~[netty-transport-4.1.29.Final.jar:4.1.29.Final]
	at io.netty.util.concurrent.SingleThreadEventExecutor$5.run(SingleThreadEventExecutor.java:884) ~[netty-common-4.1.29.Final.jar:4.1.29.Final]
	at io.netty.util.concurrent.FastThreadLocalRunnable.run(FastThreadLocalRunnable.java:30) ~[netty-common-4.1.29.Final.jar:4.1.29.Final]
	at java.lang.Thread.run(Thread.java:745) ~[na:1.8.0_92]
Caused by: java.net.NoRouteToHostException: No route to host: no further information
	... 11 common frames omitted

2020-08-17 03:42:58.252  INFO 3740 --- [lettuce-eventExecutorLoop-1-4] i.l.core.protocol.ConnectionWatchdog     : Reconnecting, last destination was 106.14.164.162:36380
2020-08-17 03:42:58.255  WARN 3740 --- [lettuce-nioEventLoop-4-5] i.l.core.protocol.ConnectionWatchdog     : Cannot reconnect: io.netty.channel.AbstractChannel$AnnotatedNoRouteToHostException: No route to host: no further information: /106.14.164.162:36380

io.netty.channel.AbstractChannel$AnnotatedNoRouteToHostException: No route to host: no further information: /106.14.164.162:36380
	at sun.nio.ch.SocketChannelImpl.checkConnect(Native Method) ~[na:1.8.0_92]
	at sun.nio.ch.SocketChannelImpl.finishConnect(SocketChannelImpl.java:717) ~[na:1.8.0_92]
	at io.netty.channel.socket.nio.NioSocketChannel.doFinishConnect(NioSocketChannel.java:327) ~[netty-transport-4.1.29.Final.jar:4.1.29.Final]
	at io.netty.channel.nio.AbstractNioChannel$AbstractNioUnsafe.finishConnect(AbstractNioChannel.java:340) ~[netty-transport-4.1.29.Final.jar:4.1.29.Final]
	at io.netty.channel.nio.NioEventLoop.processSelectedKey(NioEventLoop.java:616) ~[netty-transport-4.1.29.Final.jar:4.1.29.Final]
	at io.netty.channel.nio.NioEventLoop.processSelectedKeysOptimized(NioEventLoop.java:563) ~[netty-transport-4.1.29.Final.jar:4.1.29.Final]
	at io.netty.channel.nio.NioEventLoop.processSelectedKeys(NioEventLoop.java:480) ~[netty-transport-4.1.29.Final.jar:4.1.29.Final]
	at io.netty.channel.nio.NioEventLoop.run(NioEventLoop.java:442) ~[netty-transport-4.1.29.Final.jar:4.1.29.Final]
	at io.netty.util.concurrent.SingleThreadEventExecutor$5.run(SingleThreadEventExecutor.java:884) ~[netty-common-4.1.29.Final.jar:4.1.29.Final]
	at io.netty.util.concurrent.FastThreadLocalRunnable.run(FastThreadLocalRunnable.java:30) ~[netty-common-4.1.29.Final.jar:4.1.29.Final]
	at java.lang.Thread.run(Thread.java:745) ~[na:1.8.0_92]
Caused by: java.net.NoRouteToHostException: No route to host: no further information
	... 11 common frames omitted

2020-08-17 08:27:49.604  INFO 3740 --- [lettuce-eventExecutorLoop-1-7] i.l.core.protocol.ConnectionWatchdog     : Reconnecting, last destination was 106.14.164.162:36380
2020-08-17 08:27:52.837  INFO 3740 --- [lettuce-nioEventLoop-4-7] i.l.core.protocol.ReconnectionHandler    : Reconnected to 106.14.164.162:36380
2020-08-17 08:52:51.203  INFO 3740 --- [SessionValidationThread-1] a.s.s.m.AbstractValidatingSessionManager : Validating all active sessions...
2020-08-17 08:52:51.228  INFO 3740 --- [SessionValidationThread-1] a.s.s.m.AbstractValidatingSessionManager : Finished session validation.  No sessions were stopped.
2020-08-17 08:52:51.228  INFO 3740 --- [SessionValidationThread-1] a.s.s.m.AbstractValidatingSessionManager : Validating all active sessions...
2020-08-17 08:52:51.239  INFO 3740 --- [SessionValidationThread-1] a.s.s.m.AbstractValidatingSessionManager : Finished session validation.  No sessions were stopped.
2020-08-17 08:52:51.239  INFO 3740 --- [SessionValidationThread-1] a.s.s.m.AbstractValidatingSessionManager : Validating all active sessions...
2020-08-17 08:52:51.249  INFO 3740 --- [SessionValidationThread-1] a.s.s.m.AbstractValidatingSessionManager : Finished session validation.  No sessions were stopped.
2020-08-17 08:52:51.249  INFO 3740 --- [SessionValidationThread-1] a.s.s.m.AbstractValidatingSessionManager : Validating all active sessions...
2020-08-17 08:52:51.259  INFO 3740 --- [SessionValidationThread-1] a.s.s.m.AbstractValidatingSessionManager : Finished session validation.  No sessions were stopped.
2020-08-17 08:52:51.259  INFO 3740 --- [SessionValidationThread-1] a.s.s.m.AbstractValidatingSessionManager : Validating all active sessions...
2020-08-17 08:52:51.271  INFO 3740 --- [SessionValidationThread-1] a.s.s.m.AbstractValidatingSessionManager : Finished session validation.  No sessions were stopped.
2020-08-17 08:52:51.271  INFO 3740 --- [SessionValidationThread-1] a.s.s.m.AbstractValidatingSessionManager : Validating all active sessions...
2020-08-17 08:52:51.282  INFO 3740 --- [SessionValidationThread-1] a.s.s.m.AbstractValidatingSessionManager : Finished session validation.  No sessions were stopped.
2020-08-17 08:52:51.283  INFO 3740 --- [SessionValidationThread-1] a.s.s.m.AbstractValidatingSessionManager : Validating all active sessions...
2020-08-17 08:52:51.295  INFO 3740 --- [SessionValidationThread-1] a.s.s.m.AbstractValidatingSessionManager : Finished session validation.  No sessions were stopped.
2020-08-17 08:52:51.295  INFO 3740 --- [SessionValidationThread-1] a.s.s.m.AbstractValidatingSessionManager : Validating all active sessions...
2020-08-17 08:52:51.309  INFO 3740 --- [SessionValidationThread-1] a.s.s.m.AbstractValidatingSessionManager : Finished session validation.  No sessions were stopped.
2020-08-17 09:04:47.740  INFO 3740 --- [SessionValidationThread-1] a.s.s.m.AbstractValidatingSessionManager : Validating all active sessions...
2020-08-17 09:04:47.753  INFO 3740 --- [SessionValidationThread-1] a.s.s.m.AbstractValidatingSessionManager : Finished session validation.  No sessions were stopped.
